The target system is: Android - 21 - armv5te
The host system is: Linux - 3.13.0-53-generic - x86_64
Determining if the C compiler works passed with the following output:
Change Dir: /home/eirot/MyDev/study/AndroidApps/OpenCV4JNI/app/.externalNativeBuild/cmake/release/armeabi/CMakeFiles/CMakeTmp

Run Build Command:"/home/eirot/MyDev/android-sdk-linux/cmake/3.6.3155560/bin/ninja" "cmTC_3bb59"
[1/2] Building C object CMakeFiles/cmTC_3bb59.dir/testCCompiler.c.o
[2/2] Linking C executable cmTC_3bb59


Detecting C compiler ABI info compiled with the following output:
Change Dir: /home/eirot/MyDev/study/AndroidApps/OpenCV4JNI/app/.externalNativeBuild/cmake/release/armeabi/CMakeFiles/CMakeTmp

Run Build Command:"/home/eirot/MyDev/android-sdk-linux/cmake/3.6.3155560/bin/ninja" "cmTC_e26f9"
[1/2] Building C object CMakeFiles/cmTC_e26f9.dir/CMakeCCompilerABI.c.o
[2/2] Linking C executable cmTC_e26f9
Android clang version 3.8.256229  (based on LLVM 3.8.256229)
Target: armv5te-none-linux-android
Thread model: posix
InstalledDir: /home/eirot/MyDev/android-sdk-linux/ndk/android-ndk-r12b/toolchains/llvm/prebuilt/linux-x86_64/bin
Found candidate GCC installation: /home/eirot/MyDev/android-sdk-linux/ndk/android-ndk-r12b/toolchains/arm-linux-androideabi-4.9/prebuilt/linux-x86_64/lib/gcc/arm-linux-androideabi/4.9.x
Selected GCC installation: /home/eirot/MyDev/android-sdk-linux/ndk/android-ndk-r12b/toolchains/arm-linux-androideabi-4.9/prebuilt/linux-x86_64/lib/gcc/arm-linux-androideabi/4.9.x
Candidate multilib: .;@m32
Selected multilib: .;@m32
 "/home/eirot/MyDev/android-sdk-linux/ndk/android-ndk-r12b/toolchains/arm-linux-androideabi-4.9/prebuilt/linux-x86_64/lib/gcc/arm-linux-androideabi/4.9.x/../../../../arm-linux-androideabi/bin/ld" --sysroot=/home/eirot/MyDev/android-sdk-linux/ndk/android-ndk-r12b/platforms/android-21/arch-arm -pie -z relro -X --build-id --eh-frame-hdr -m armelf_linux_eabi -dynamic-linker /system/bin/linker -o cmTC_e26f9 /home/eirot/MyDev/android-sdk-linux/ndk/android-ndk-r12b/platforms/android-21/arch-arm/usr/lib/../lib/crtbegin_dynamic.o -L/home/eirot/MyDev/android-sdk-linux/ndk/android-ndk-r12b/toolchains/arm-linux-androideabi-4.9/prebuilt/linux-x86_64/lib/gcc/arm-linux-androideabi/4.9.x -L/home/eirot/MyDev/android-sdk-linux/ndk/android-ndk-r12b/toolchains/arm-linux-androideabi-4.9/prebuilt/linux-x86_64/lib/gcc/arm-linux-androideabi/4.9.x/../../../../arm-linux-androideabi/lib/../lib -L/home/eirot/MyDev/android-sdk-linux/ndk/android-ndk-r12b/platforms/android-21/arch-arm/usr/lib/../lib -L/home/eirot/MyDev/android-sdk-linux/ndk/android-ndk-r12b/toolchains/arm-linux-androideabi-4.9/prebuilt/linux-x86_64/lib/gcc/arm-linux-androideabi/4.9.x/../../../../arm-linux-androideabi/lib -L/home/eirot/MyDev/android-sdk-linux/ndk/android-ndk-r12b/platforms/android-21/arch-arm/usr/lib --build-id --warn-shared-textrel --fatal-warnings --no-undefined -z noexecstack -z relro -z now --gc-sections -z nocopyreloc --build-id --warn-shared-textrel --fatal-warnings --no-undefined -z noexecstack -z relro -z now --gc-sections -z nocopyreloc CMakeFiles/cmTC_e26f9.dir/CMakeCCompilerABI.c.o -lgcc -ldl -lc -lgcc -ldl /home/eirot/MyDev/android-sdk-linux/ndk/android-ndk-r12b/platforms/android-21/arch-arm/usr/lib/../lib/crtend_android.o


Parsed C implicit link information from above output:
  link line regex: [^( *|.*[/\])(arm-linux-androideabi-ld|([^/\]+-)?ld|collect2)[^/\]*( |$)]
  ignore line: [Change Dir: /home/eirot/MyDev/study/AndroidApps/OpenCV4JNI/app/.externalNativeBuild/cmake/release/armeabi/CMakeFiles/CMakeTmp]
  ignore line: []
  ignore line: [Run Build Command:"/home/eirot/MyDev/android-sdk-linux/cmake/3.6.3155560/bin/ninja" "cmTC_e26f9"]
  ignore line: [[1/2] Building C object CMakeFiles/cmTC_e26f9.dir/CMakeCCompilerABI.c.o]
  ignore line: [[2/2] Linking C executable cmTC_e26f9]
  ignore line: [Android clang version 3.8.256229  (based on LLVM 3.8.256229)]
  ignore line: [Target: armv5te-none-linux-android]
  ignore line: [Thread model: posix]
  ignore line: [InstalledDir: /home/eirot/MyDev/android-sdk-linux/ndk/android-ndk-r12b/toolchains/llvm/prebuilt/linux-x86_64/bin]
  ignore line: [Found candidate GCC installation: /home/eirot/MyDev/android-sdk-linux/ndk/android-ndk-r12b/toolchains/arm-linux-androideabi-4.9/prebuilt/linux-x86_64/lib/gcc/arm-linux-androideabi/4.9.x]
  ignore line: [Selected GCC installation: /home/eirot/MyDev/android-sdk-linux/ndk/android-ndk-r12b/toolchains/arm-linux-androideabi-4.9/prebuilt/linux-x86_64/lib/gcc/arm-linux-androideabi/4.9.x]
  ignore line: [Candidate multilib: .]
  ignore line: [@m32]
  ignore line: [Selected multilib: .]
  ignore line: [@m32]
  link line: [ "/home/eirot/MyDev/android-sdk-linux/ndk/android-ndk-r12b/toolchains/arm-linux-androideabi-4.9/prebuilt/linux-x86_64/lib/gcc/arm-linux-androideabi/4.9.x/../../../../arm-linux-androideabi/bin/ld" --sysroot=/home/eirot/MyDev/android-sdk-linux/ndk/android-ndk-r12b/platforms/android-21/arch-arm -pie -z relro -X --build-id --eh-frame-hdr -m armelf_linux_eabi -dynamic-linker /system/bin/linker -o cmTC_e26f9 /home/eirot/MyDev/android-sdk-linux/ndk/android-ndk-r12b/platforms/android-21/arch-arm/usr/lib/../lib/crtbegin_dynamic.o -L/home/eirot/MyDev/android-sdk-linux/ndk/android-ndk-r12b/toolchains/arm-linux-androideabi-4.9/prebuilt/linux-x86_64/lib/gcc/arm-linux-androideabi/4.9.x -L/home/eirot/MyDev/android-sdk-linux/ndk/android-ndk-r12b/toolchains/arm-linux-androideabi-4.9/prebuilt/linux-x86_64/lib/gcc/arm-linux-androideabi/4.9.x/../../../../arm-linux-androideabi/lib/../lib -L/home/eirot/MyDev/android-sdk-linux/ndk/android-ndk-r12b/platforms/android-21/arch-arm/usr/lib/../lib -L/home/eirot/MyDev/android-sdk-linux/ndk/android-ndk-r12b/toolchains/arm-linux-androideabi-4.9/prebuilt/linux-x86_64/lib/gcc/arm-linux-androideabi/4.9.x/../../../../arm-linux-androideabi/lib -L/home/eirot/MyDev/android-sdk-linux/ndk/android-ndk-r12b/platforms/android-21/arch-arm/usr/lib --build-id --warn-shared-textrel --fatal-warnings --no-undefined -z noexecstack -z relro -z now --gc-sections -z nocopyreloc --build-id --warn-shared-textrel --fatal-warnings --no-undefined -z noexecstack -z relro -z now --gc-sections -z nocopyreloc CMakeFiles/cmTC_e26f9.dir/CMakeCCompilerABI.c.o -lgcc -ldl -lc -lgcc -ldl /home/eirot/MyDev/android-sdk-linux/ndk/android-ndk-r12b/platforms/android-21/arch-arm/usr/lib/../lib/crtend_android.o]
    arg [/home/eirot/MyDev/android-sdk-linux/ndk/android-ndk-r12b/toolchains/arm-linux-androideabi-4.9/prebuilt/linux-x86_64/lib/gcc/arm-linux-androideabi/4.9.x/../../../../arm-linux-androideabi/bin/ld] ==> ignore
    arg [--sysroot=/home/eirot/MyDev/android-sdk-linux/ndk/android-ndk-r12b/platforms/android-21/arch-arm] ==> ignore
    arg [-pie] ==> ignore
    arg [-zrelro] ==> ignore
    arg [-X] ==> ignore
    arg [--build-id] ==> ignore
    arg [--eh-frame-hdr] ==> ignore
    arg [-m] ==> ignore
    arg [armelf_linux_eabi] ==> ignore
    arg [-dynamic-linker] ==> ignore
    arg [/system/bin/linker] ==> ignore
    arg [-o] ==> ignore
    arg [cmTC_e26f9] ==> ignore
    arg [/home/eirot/MyDev/android-sdk-linux/ndk/android-ndk-r12b/platforms/android-21/arch-arm/usr/lib/../lib/crtbegin_dynamic.o] ==> ignore
    arg [-L/home/eirot/MyDev/android-sdk-linux/ndk/android-ndk-r12b/toolchains/arm-linux-androideabi-4.9/prebuilt/linux-x86_64/lib/gcc/arm-linux-androideabi/4.9.x] ==> dir [/home/eirot/MyDev/android-sdk-linux/ndk/android-ndk-r12b/toolchains/arm-linux-androideabi-4.9/prebuilt/linux-x86_64/lib/gcc/arm-linux-androideabi/4.9.x]
    arg [-L/home/eirot/MyDev/android-sdk-linux/ndk/android-ndk-r12b/toolchains/arm-linux-androideabi-4.9/prebuilt/linux-x86_64/lib/gcc/arm-linux-androideabi/4.9.x/../../../../arm-linux-androideabi/lib/../lib] ==> dir [/home/eirot/MyDev/android-sdk-linux/ndk/android-ndk-r12b/toolchains/arm-linux-androideabi-4.9/prebuilt/linux-x86_64/lib/gcc/arm-linux-androideabi/4.9.x/../../../../arm-linux-androideabi/lib/../lib]
    arg [-L/home/eirot/MyDev/android-sdk-linux/ndk/android-ndk-r12b/platforms/android-21/arch-arm/usr/lib/../lib] ==> dir [/home/eirot/MyDev/android-sdk-linux/ndk/android-ndk-r12b/platforms/android-21/arch-arm/usr/lib/../lib]
    arg [-L/home/eirot/MyDev/android-sdk-linux/ndk/android-ndk-r12b/toolchains/arm-linux-androideabi-4.9/prebuilt/linux-x86_64/lib/gcc/arm-linux-androideabi/4.9.x/../../../../arm-linux-androideabi/lib] ==> dir [/home/eirot/MyDev/android-sdk-linux/ndk/android-ndk-r12b/toolchains/arm-linux-androideabi-4.9/prebuilt/linux-x86_64/lib/gcc/arm-linux-androideabi/4.9.x/../../../../arm-linux-androideabi/lib]
    arg [-L/home/eirot/MyDev/android-sdk-linux/ndk/android-ndk-r12b/platforms/android-21/arch-arm/usr/lib] ==> dir [/home/eirot/MyDev/android-sdk-linux/ndk/android-ndk-r12b/platforms/android-21/arch-arm/usr/lib]
    arg [--build-id] ==> ignore
    arg [--warn-shared-textrel] ==> ignore
    arg [--fatal-warnings] ==> ignore
    arg [--no-undefined] ==> ignore
    arg [-znoexecstack] ==> ignore
    arg [-zrelro] ==> ignore
    arg [-znow] ==> ignore
    arg [--gc-sections] ==> ignore
    arg [-znocopyreloc] ==> ignore
    arg [--build-id] ==> ignore
    arg [--warn-shared-textrel] ==> ignore
    arg [--fatal-warnings] ==> ignore
    arg [--no-undefined] ==> ignore
    arg [-znoexecstack] ==> ignore
    arg [-zrelro] ==> ignore
    arg [-znow] ==> ignore
    arg [--gc-sections] ==> ignore
    arg [-znocopyreloc] ==> ignore
    arg [CMakeFiles/cmTC_e26f9.dir/CMakeCCompilerABI.c.o] ==> ignore
    arg [-lgcc] ==> lib [gcc]
    arg [-ldl] ==> lib [dl]
    arg [-lc] ==> lib [c]
    arg [-lgcc] ==> lib [gcc]
    arg [-ldl] ==> lib [dl]
    arg [/home/eirot/MyDev/android-sdk-linux/ndk/android-ndk-r12b/platforms/android-21/arch-arm/usr/lib/../lib/crtend_android.o] ==> ignore
  remove lib [gcc]
  remove lib [gcc]
  collapse library dir [/home/eirot/MyDev/android-sdk-linux/ndk/android-ndk-r12b/toolchains/arm-linux-androideabi-4.9/prebuilt/linux-x86_64/lib/gcc/arm-linux-androideabi/4.9.x] ==> [/home/eirot/MyDev/android-sdk-linux/ndk/android-ndk-r12b/toolchains/arm-linux-androideabi-4.9/prebuilt/linux-x86_64/lib/gcc/arm-linux-androideabi/4.9.x]
  collapse library dir [/home/eirot/MyDev/android-sdk-linux/ndk/android-ndk-r12b/toolchains/arm-linux-androideabi-4.9/prebuilt/linux-x86_64/lib/gcc/arm-linux-androideabi/4.9.x/../../../../arm-linux-androideabi/lib/../lib] ==> [/home/eirot/MyDev/android-sdk-linux/ndk/android-ndk-r12b/toolchains/arm-linux-androideabi-4.9/prebuilt/linux-x86_64/arm-linux-androideabi/lib]
  collapse library dir [/home/eirot/MyDev/android-sdk-linux/ndk/android-ndk-r12b/platforms/android-21/arch-arm/usr/lib/../lib] ==> [/home/eirot/MyDev/android-sdk-linux/ndk/android-ndk-r12b/platforms/android-21/arch-arm/usr/lib]
  collapse library dir [/home/eirot/MyDev/android-sdk-linux/ndk/android-ndk-r12b/toolchains/arm-linux-androideabi-4.9/prebuilt/linux-x86_64/lib/gcc/arm-linux-androideabi/4.9.x/../../../../arm-linux-androideabi/lib] ==> [/home/eirot/MyDev/android-sdk-linux/ndk/android-ndk-r12b/toolchains/arm-linux-androideabi-4.9/prebuilt/linux-x86_64/arm-linux-androideabi/lib]
  collapse library dir [/home/eirot/MyDev/android-sdk-linux/ndk/android-ndk-r12b/platforms/android-21/arch-arm/usr/lib] ==> [/home/eirot/MyDev/android-sdk-linux/ndk/android-ndk-r12b/platforms/android-21/arch-arm/usr/lib]
  implicit libs: [dl;c;dl]
  implicit dirs: [/home/eirot/MyDev/android-sdk-linux/ndk/android-ndk-r12b/toolchains/arm-linux-androideabi-4.9/prebuilt/linux-x86_64/lib/gcc/arm-linux-androideabi/4.9.x;/home/eirot/MyDev/android-sdk-linux/ndk/android-ndk-r12b/toolchains/arm-linux-androideabi-4.9/prebuilt/linux-x86_64/arm-linux-androideabi/lib;/home/eirot/MyDev/android-sdk-linux/ndk/android-ndk-r12b/platforms/android-21/arch-arm/usr/lib]
  implicit fwks: []


Determining if the CXX compiler works passed with the following output:
Change Dir: /home/eirot/MyDev/study/AndroidApps/OpenCV4JNI/app/.externalNativeBuild/cmake/release/armeabi/CMakeFiles/CMakeTmp

Run Build Command:"/home/eirot/MyDev/android-sdk-linux/cmake/3.6.3155560/bin/ninja" "cmTC_29c1a"
[1/2] Building CXX object CMakeFiles/cmTC_29c1a.dir/testCXXCompiler.cxx.o
[2/2] Linking CXX executable cmTC_29c1a


Detecting CXX compiler ABI info compiled with the following output:
Change Dir: /home/eirot/MyDev/study/AndroidApps/OpenCV4JNI/app/.externalNativeBuild/cmake/release/armeabi/CMakeFiles/CMakeTmp

Run Build Command:"/home/eirot/MyDev/android-sdk-linux/cmake/3.6.3155560/bin/ninja" "cmTC_4ad37"
[1/2] Building CXX object CMakeFiles/cmTC_4ad37.dir/CMakeCXXCompilerABI.cpp.o
[2/2] Linking CXX executable cmTC_4ad37
Android clang version 3.8.256229  (based on LLVM 3.8.256229)
Target: armv5te-none-linux-android
Thread model: posix
InstalledDir: /home/eirot/MyDev/android-sdk-linux/ndk/android-ndk-r12b/toolchains/llvm/prebuilt/linux-x86_64/bin
Found candidate GCC installation: /home/eirot/MyDev/android-sdk-linux/ndk/android-ndk-r12b/toolchains/arm-linux-androideabi-4.9/prebuilt/linux-x86_64/lib/gcc/arm-linux-androideabi/4.9.x
Selected GCC installation: /home/eirot/MyDev/android-sdk-linux/ndk/android-ndk-r12b/toolchains/arm-linux-androideabi-4.9/prebuilt/linux-x86_64/lib/gcc/arm-linux-androideabi/4.9.x
Candidate multilib: .;@m32
Selected multilib: .;@m32
 "/home/eirot/MyDev/android-sdk-linux/ndk/android-ndk-r12b/toolchains/arm-linux-androideabi-4.9/prebuilt/linux-x86_64/lib/gcc/arm-linux-androideabi/4.9.x/../../../../arm-linux-androideabi/bin/ld" --sysroot=/home/eirot/MyDev/android-sdk-linux/ndk/android-ndk-r12b/platforms/android-21/arch-arm -pie -z relro -X --build-id --eh-frame-hdr -m armelf_linux_eabi -dynamic-linker /system/bin/linker -o cmTC_4ad37 /home/eirot/MyDev/android-sdk-linux/ndk/android-ndk-r12b/platforms/android-21/arch-arm/usr/lib/../lib/crtbegin_dynamic.o -L/home/eirot/MyDev/android-sdk-linux/ndk/android-ndk-r12b/toolchains/arm-linux-androideabi-4.9/prebuilt/linux-x86_64/lib/gcc/arm-linux-androideabi/4.9.x -L/home/eirot/MyDev/android-sdk-linux/ndk/android-ndk-r12b/toolchains/arm-linux-androideabi-4.9/prebuilt/linux-x86_64/lib/gcc/arm-linux-androideabi/4.9.x/../../../../arm-linux-androideabi/lib/../lib -L/home/eirot/MyDev/android-sdk-linux/ndk/android-ndk-r12b/platforms/android-21/arch-arm/usr/lib/../lib -L/home/eirot/MyDev/android-sdk-linux/ndk/android-ndk-r12b/toolchains/arm-linux-androideabi-4.9/prebuilt/linux-x86_64/lib/gcc/arm-linux-androideabi/4.9.x/../../../../arm-linux-androideabi/lib -L/home/eirot/MyDev/android-sdk-linux/ndk/android-ndk-r12b/platforms/android-21/arch-arm/usr/lib --build-id --warn-shared-textrel --fatal-warnings --no-undefined -z noexecstack -z relro -z now --gc-sections -z nocopyreloc --build-id --warn-shared-textrel --fatal-warnings --no-undefined -z noexecstack -z relro -z now --gc-sections -z nocopyreloc CMakeFiles/cmTC_4ad37.dir/CMakeCXXCompilerABI.cpp.o -lstdc++ -lm -lgcc -lgcc -ldl -lc -lgcc -lgcc -ldl /home/eirot/MyDev/android-sdk-linux/ndk/android-ndk-r12b/platforms/android-21/arch-arm/usr/lib/../lib/crtend_android.o


Parsed CXX implicit link information from above output:
  link line regex: [^( *|.*[/\])(arm-linux-androideabi-ld|([^/\]+-)?ld|collect2)[^/\]*( |$)]
  ignore line: [Change Dir: /home/eirot/MyDev/study/AndroidApps/OpenCV4JNI/app/.externalNativeBuild/cmake/release/armeabi/CMakeFiles/CMakeTmp]
  ignore line: []
  ignore line: [Run Build Command:"/home/eirot/MyDev/android-sdk-linux/cmake/3.6.3155560/bin/ninja" "cmTC_4ad37"]
  ignore line: [[1/2] Building CXX object CMakeFiles/cmTC_4ad37.dir/CMakeCXXCompilerABI.cpp.o]
  ignore line: [[2/2] Linking CXX executable cmTC_4ad37]
  ignore line: [Android clang version 3.8.256229  (based on LLVM 3.8.256229)]
  ignore line: [Target: armv5te-none-linux-android]
  ignore line: [Thread model: posix]
  ignore line: [InstalledDir: /home/eirot/MyDev/android-sdk-linux/ndk/android-ndk-r12b/toolchains/llvm/prebuilt/linux-x86_64/bin]
  ignore line: [Found candidate GCC installation: /home/eirot/MyDev/android-sdk-linux/ndk/android-ndk-r12b/toolchains/arm-linux-androideabi-4.9/prebuilt/linux-x86_64/lib/gcc/arm-linux-androideabi/4.9.x]
  ignore line: [Selected GCC installation: /home/eirot/MyDev/android-sdk-linux/ndk/android-ndk-r12b/toolchains/arm-linux-androideabi-4.9/prebuilt/linux-x86_64/lib/gcc/arm-linux-androideabi/4.9.x]
  ignore line: [Candidate multilib: .]
  ignore line: [@m32]
  ignore line: [Selected multilib: .]
  ignore line: [@m32]
  link line: [ "/home/eirot/MyDev/android-sdk-linux/ndk/android-ndk-r12b/toolchains/arm-linux-androideabi-4.9/prebuilt/linux-x86_64/lib/gcc/arm-linux-androideabi/4.9.x/../../../../arm-linux-androideabi/bin/ld" --sysroot=/home/eirot/MyDev/android-sdk-linux/ndk/android-ndk-r12b/platforms/android-21/arch-arm -pie -z relro -X --build-id --eh-frame-hdr -m armelf_linux_eabi -dynamic-linker /system/bin/linker -o cmTC_4ad37 /home/eirot/MyDev/android-sdk-linux/ndk/android-ndk-r12b/platforms/android-21/arch-arm/usr/lib/../lib/crtbegin_dynamic.o -L/home/eirot/MyDev/android-sdk-linux/ndk/android-ndk-r12b/toolchains/arm-linux-androideabi-4.9/prebuilt/linux-x86_64/lib/gcc/arm-linux-androideabi/4.9.x -L/home/eirot/MyDev/android-sdk-linux/ndk/android-ndk-r12b/toolchains/arm-linux-androideabi-4.9/prebuilt/linux-x86_64/lib/gcc/arm-linux-androideabi/4.9.x/../../../../arm-linux-androideabi/lib/../lib -L/home/eirot/MyDev/android-sdk-linux/ndk/android-ndk-r12b/platforms/android-21/arch-arm/usr/lib/../lib -L/home/eirot/MyDev/android-sdk-linux/ndk/android-ndk-r12b/toolchains/arm-linux-androideabi-4.9/prebuilt/linux-x86_64/lib/gcc/arm-linux-androideabi/4.9.x/../../../../arm-linux-androideabi/lib -L/home/eirot/MyDev/android-sdk-linux/ndk/android-ndk-r12b/platforms/android-21/arch-arm/usr/lib --build-id --warn-shared-textrel --fatal-warnings --no-undefined -z noexecstack -z relro -z now --gc-sections -z nocopyreloc --build-id --warn-shared-textrel --fatal-warnings --no-undefined -z noexecstack -z relro -z now --gc-sections -z nocopyreloc CMakeFiles/cmTC_4ad37.dir/CMakeCXXCompilerABI.cpp.o -lstdc++ -lm -lgcc -lgcc -ldl -lc -lgcc -lgcc -ldl /home/eirot/MyDev/android-sdk-linux/ndk/android-ndk-r12b/platforms/android-21/arch-arm/usr/lib/../lib/crtend_android.o]
    arg [/home/eirot/MyDev/android-sdk-linux/ndk/android-ndk-r12b/toolchains/arm-linux-androideabi-4.9/prebuilt/linux-x86_64/lib/gcc/arm-linux-androideabi/4.9.x/../../../../arm-linux-androideabi/bin/ld] ==> ignore
    arg [--sysroot=/home/eirot/MyDev/android-sdk-linux/ndk/android-ndk-r12b/platforms/android-21/arch-arm] ==> ignore
    arg [-pie] ==> ignore
    arg [-zrelro] ==> ignore
    arg [-X] ==> ignore
    arg [--build-id] ==> ignore
    arg [--eh-frame-hdr] ==> ignore
    arg [-m] ==> ignore
    arg [armelf_linux_eabi] ==> ignore
    arg [-dynamic-linker] ==> ignore
    arg [/system/bin/linker] ==> ignore
    arg [-o] ==> ignore
    arg [cmTC_4ad37] ==> ignore
    arg [/home/eirot/MyDev/android-sdk-linux/ndk/android-ndk-r12b/platforms/android-21/arch-arm/usr/lib/../lib/crtbegin_dynamic.o] ==> ignore
    arg [-L/home/eirot/MyDev/android-sdk-linux/ndk/android-ndk-r12b/toolchains/arm-linux-androideabi-4.9/prebuilt/linux-x86_64/lib/gcc/arm-linux-androideabi/4.9.x] ==> dir [/home/eirot/MyDev/android-sdk-linux/ndk/android-ndk-r12b/toolchains/arm-linux-androideabi-4.9/prebuilt/linux-x86_64/lib/gcc/arm-linux-androideabi/4.9.x]
    arg [-L/home/eirot/MyDev/android-sdk-linux/ndk/android-ndk-r12b/toolchains/arm-linux-androideabi-4.9/prebuilt/linux-x86_64/lib/gcc/arm-linux-androideabi/4.9.x/../../../../arm-linux-androideabi/lib/../lib] ==> dir [/home/eirot/MyDev/android-sdk-linux/ndk/android-ndk-r12b/toolchains/arm-linux-androideabi-4.9/prebuilt/linux-x86_64/lib/gcc/arm-linux-androideabi/4.9.x/../../../../arm-linux-androideabi/lib/../lib]
    arg [-L/home/eirot/MyDev/android-sdk-linux/ndk/android-ndk-r12b/platforms/android-21/arch-arm/usr/lib/../lib] ==> dir [/home/eirot/MyDev/android-sdk-linux/ndk/android-ndk-r12b/platforms/android-21/arch-arm/usr/lib/../lib]
    arg [-L/home/eirot/MyDev/android-sdk-linux/ndk/android-ndk-r12b/toolchains/arm-linux-androideabi-4.9/prebuilt/linux-x86_64/lib/gcc/arm-linux-androideabi/4.9.x/../../../../arm-linux-androideabi/lib] ==> dir [/home/eirot/MyDev/android-sdk-linux/ndk/android-ndk-r12b/toolchains/arm-linux-androideabi-4.9/prebuilt/linux-x86_64/lib/gcc/arm-linux-androideabi/4.9.x/../../../../arm-linux-androideabi/lib]
    arg [-L/home/eirot/MyDev/android-sdk-linux/ndk/android-ndk-r12b/platforms/android-21/arch-arm/usr/lib] ==> dir [/home/eirot/MyDev/android-sdk-linux/ndk/android-ndk-r12b/platforms/android-21/arch-arm/usr/lib]
    arg [--build-id] ==> ignore
    arg [--warn-shared-textrel] ==> ignore
    arg [--fatal-warnings] ==> ignore
    arg [--no-undefined] ==> ignore
    arg [-znoexecstack] ==> ignore
    arg [-zrelro] ==> ignore
    arg [-znow] ==> ignore
    arg [--gc-sections] ==> ignore
    arg [-znocopyreloc] ==> ignore
    arg [--build-id] ==> ignore
    arg [--warn-shared-textrel] ==> ignore
    arg [--fatal-warnings] ==> ignore
    arg [--no-undefined] ==> ignore
    arg [-znoexecstack] ==> ignore
    arg [-zrelro] ==> ignore
    arg [-znow] ==> ignore
    arg [--gc-sections] ==> ignore
    arg [-znocopyreloc] ==> ignore
    arg [CMakeFiles/cmTC_4ad37.dir/CMakeCXXCompilerABI.cpp.o] ==> ignore
    arg [-lstdc++] ==> lib [stdc++]
    arg [-lm] ==> lib [m]
    arg [-lgcc] ==> lib [gcc]
    arg [-lgcc] ==> lib [gcc]
    arg [-ldl] ==> lib [dl]
    arg [-lc] ==> lib [c]
    arg [-lgcc] ==> lib [gcc]
    arg [-lgcc] ==> lib [gcc]
    arg [-ldl] ==> lib [dl]
    arg [/home/eirot/MyDev/android-sdk-linux/ndk/android-ndk-r12b/platforms/android-21/arch-arm/usr/lib/../lib/crtend_android.o] ==> ignore
  remove lib [gcc]
  remove lib [gcc]
  remove lib [gcc]
  remove lib [gcc]
  collapse library dir [/home/eirot/MyDev/android-sdk-linux/ndk/android-ndk-r12b/toolchains/arm-linux-androideabi-4.9/prebuilt/linux-x86_64/lib/gcc/arm-linux-androideabi/4.9.x] ==> [/home/eirot/MyDev/android-sdk-linux/ndk/android-ndk-r12b/toolchains/arm-linux-androideabi-4.9/prebuilt/linux-x86_64/lib/gcc/arm-linux-androideabi/4.9.x]
  collapse library dir [/home/eirot/MyDev/android-sdk-linux/ndk/android-ndk-r12b/toolchains/arm-linux-androideabi-4.9/prebuilt/linux-x86_64/lib/gcc/arm-linux-androideabi/4.9.x/../../../../arm-linux-androideabi/lib/../lib] ==> [/home/eirot/MyDev/android-sdk-linux/ndk/android-ndk-r12b/toolchains/arm-linux-androideabi-4.9/prebuilt/linux-x86_64/arm-linux-androideabi/lib]
  collapse library dir [/home/eirot/MyDev/android-sdk-linux/ndk/android-ndk-r12b/platforms/android-21/arch-arm/usr/lib/../lib] ==> [/home/eirot/MyDev/android-sdk-linux/ndk/android-ndk-r12b/platforms/android-21/arch-arm/usr/lib]
  collapse library dir [/home/eirot/MyDev/android-sdk-linux/ndk/android-ndk-r12b/toolchains/arm-linux-androideabi-4.9/prebuilt/linux-x86_64/lib/gcc/arm-linux-androideabi/4.9.x/../../../../arm-linux-androideabi/lib] ==> [/home/eirot/MyDev/android-sdk-linux/ndk/android-ndk-r12b/toolchains/arm-linux-androideabi-4.9/prebuilt/linux-x86_64/arm-linux-androideabi/lib]
  collapse library dir [/home/eirot/MyDev/android-sdk-linux/ndk/android-ndk-r12b/platforms/android-21/arch-arm/usr/lib] ==> [/home/eirot/MyDev/android-sdk-linux/ndk/android-ndk-r12b/platforms/android-21/arch-arm/usr/lib]
  implicit libs: [stdc++;m;dl;c;dl]
  implicit dirs: [/home/eirot/MyDev/android-sdk-linux/ndk/android-ndk-r12b/toolchains/arm-linux-androideabi-4.9/prebuilt/linux-x86_64/lib/gcc/arm-linux-androideabi/4.9.x;/home/eirot/MyDev/android-sdk-linux/ndk/android-ndk-r12b/toolchains/arm-linux-androideabi-4.9/prebuilt/linux-x86_64/arm-linux-androideabi/lib;/home/eirot/MyDev/android-sdk-linux/ndk/android-ndk-r12b/platforms/android-21/arch-arm/usr/lib]
  implicit fwks: []


